C:\USERS\JASON\DESKTOP\AARD-GTS\DEBUG\AARD.EXE
C:\USERS\JASON\DESKTOP\AARD-GTS\DEBUG\AARD.ILK
C:\USERS\JASON\DESKTOP\AARD-GTS\DEBUG\AARD.PDB
C:\Users\Jason\Desktop\Aard-GTS\SDL2.0Prac\Debug\Aard.write.1.tlog
C:\Users\Jason\Desktop\Aard-GTS\SDL2.0Prac\Debug\cl.command.1.tlog
C:\Users\Jason\Desktop\Aard-GTS\SDL2.0Prac\Debug\CL.read.1.tlog
C:\Users\Jason\Desktop\Aard-GTS\SDL2.0Prac\Debug\CL.write.1.tlog
C:\USERS\JASON\DESKTOP\AARD-GTS\SDL2.0PRAC\DEBUG\COLLISION.OBJ
C:\USERS\JASON\DESKTOP\AARD-GTS\SDL2.0PRAC\DEBUG\EDITOR.OBJ
C:\USERS\JASON\DESKTOP\AARD-GTS\SDL2.0PRAC\DEBUG\EDITOR_CREATEROOM.OBJ
C:\USERS\JASON\DESKTOP\AARD-GTS\SDL2.0PRAC\DEBUG\EDITOR_PANEL.OBJ
C:\USERS\JASON\DESKTOP\AARD-GTS\SDL2.0PRAC\DEBUG\EDITOR_SAVE.OBJ
C:\USERS\JASON\DESKTOP\AARD-GTS\SDL2.0PRAC\DEBUG\ENEMY.OBJ
C:\USERS\JASON\DESKTOP\AARD-GTS\SDL2.0PRAC\DEBUG\ENTITY.OBJ
C:\USERS\JASON\DESKTOP\AARD-GTS\SDL2.0PRAC\DEBUG\GAME.OBJ
C:\USERS\JASON\DESKTOP\AARD-GTS\SDL2.0PRAC\DEBUG\GAME_TITLE.OBJ
C:\USERS\JASON\DESKTOP\AARD-GTS\SDL2.0PRAC\DEBUG\GAMEPAD.OBJ
C:\USERS\JASON\DESKTOP\AARD-GTS\SDL2.0PRAC\DEBUG\GRAPHICS.OBJ
C:\USERS\JASON\DESKTOP\AARD-GTS\SDL2.0PRAC\DEBUG\ITEMS.OBJ
C:\USERS\JASON\DESKTOP\AARD-GTS\SDL2.0PRAC\DEBUG\LEVEL.OBJ
C:\USERS\JASON\DESKTOP\AARD-GTS\SDL2.0PRAC\DEBUG\LIGHT.OBJ
C:\Users\Jason\Desktop\Aard-GTS\SDL2.0Prac\Debug\link.11560.read.1.tlog
C:\Users\Jason\Desktop\Aard-GTS\SDL2.0Prac\Debug\link.11560.write.1.tlog
C:\Users\Jason\Desktop\Aard-GTS\SDL2.0Prac\Debug\link.11728.read.1.tlog
C:\Users\Jason\Desktop\Aard-GTS\SDL2.0Prac\Debug\link.11728.write.1.tlog
C:\Users\Jason\Desktop\Aard-GTS\SDL2.0Prac\Debug\link.12968.read.1.tlog
C:\Users\Jason\Desktop\Aard-GTS\SDL2.0Prac\Debug\link.12968.write.1.tlog
C:\Users\Jason\Desktop\Aard-GTS\SDL2.0Prac\Debug\link.16872.read.1.tlog
C:\Users\Jason\Desktop\Aard-GTS\SDL2.0Prac\Debug\link.16872.write.1.tlog
C:\Users\Jason\Desktop\Aard-GTS\SDL2.0Prac\Debug\link.17088.read.1.tlog
C:\Users\Jason\Desktop\Aard-GTS\SDL2.0Prac\Debug\link.17088.write.1.tlog
C:\Users\Jason\Desktop\Aard-GTS\SDL2.0Prac\Debug\link.19228.read.1.tlog
C:\Users\Jason\Desktop\Aard-GTS\SDL2.0Prac\Debug\link.19228.write.1.tlog
C:\Users\Jason\Desktop\Aard-GTS\SDL2.0Prac\Debug\link.20456.read.1.tlog
C:\Users\Jason\Desktop\Aard-GTS\SDL2.0Prac\Debug\link.20456.write.1.tlog
C:\Users\Jason\Desktop\Aard-GTS\SDL2.0Prac\Debug\link.21140.read.1.tlog
C:\Users\Jason\Desktop\Aard-GTS\SDL2.0Prac\Debug\link.21140.write.1.tlog
C:\Users\Jason\Desktop\Aard-GTS\SDL2.0Prac\Debug\link.21240.read.1.tlog
C:\Users\Jason\Desktop\Aard-GTS\SDL2.0Prac\Debug\link.21240.write.1.tlog
C:\Users\Jason\Desktop\Aard-GTS\SDL2.0Prac\Debug\link.24224.read.1.tlog
C:\Users\Jason\Desktop\Aard-GTS\SDL2.0Prac\Debug\link.24224.write.1.tlog
C:\Users\Jason\Desktop\Aard-GTS\SDL2.0Prac\Debug\link.30908.read.1.tlog
C:\Users\Jason\Desktop\Aard-GTS\SDL2.0Prac\Debug\link.30908.write.1.tlog
C:\Users\Jason\Desktop\Aard-GTS\SDL2.0Prac\Debug\link.32928.read.1.tlog
C:\Users\Jason\Desktop\Aard-GTS\SDL2.0Prac\Debug\link.32928.write.1.tlog
C:\Users\Jason\Desktop\Aard-GTS\SDL2.0Prac\Debug\link.35192.read.1.tlog
C:\Users\Jason\Desktop\Aard-GTS\SDL2.0Prac\Debug\link.35192.write.1.tlog
C:\Users\Jason\Desktop\Aard-GTS\SDL2.0Prac\Debug\link.35900.read.1.tlog
C:\Users\Jason\Desktop\Aard-GTS\SDL2.0Prac\Debug\link.35900.write.1.tlog
C:\Users\Jason\Desktop\Aard-GTS\SDL2.0Prac\Debug\link.37332.read.1.tlog
C:\Users\Jason\Desktop\Aard-GTS\SDL2.0Prac\Debug\link.37332.write.1.tlog
C:\Users\Jason\Desktop\Aard-GTS\SDL2.0Prac\Debug\link.37612.read.1.tlog
C:\Users\Jason\Desktop\Aard-GTS\SDL2.0Prac\Debug\link.37612.write.1.tlog
C:\Users\Jason\Desktop\Aard-GTS\SDL2.0Prac\Debug\link.39060.read.1.tlog
C:\Users\Jason\Desktop\Aard-GTS\SDL2.0Prac\Debug\link.39060.write.1.tlog
C:\Users\Jason\Desktop\Aard-GTS\SDL2.0Prac\Debug\link.45984.read.1.tlog
C:\Users\Jason\Desktop\Aard-GTS\SDL2.0Prac\Debug\link.45984.write.1.tlog
C:\Users\Jason\Desktop\Aard-GTS\SDL2.0Prac\Debug\link.49960.read.1.tlog
C:\Users\Jason\Desktop\Aard-GTS\SDL2.0Prac\Debug\link.49960.write.1.tlog
C:\Users\Jason\Desktop\Aard-GTS\SDL2.0Prac\Debug\link.51588.read.1.tlog
C:\Users\Jason\Desktop\Aard-GTS\SDL2.0Prac\Debug\link.51588.write.1.tlog
C:\Users\Jason\Desktop\Aard-GTS\SDL2.0Prac\Debug\link.6944.read.1.tlog
C:\Users\Jason\Desktop\Aard-GTS\SDL2.0Prac\Debug\link.6944.write.1.tlog
C:\Users\Jason\Desktop\Aard-GTS\SDL2.0Prac\Debug\link.command.1.tlog
C:\Users\Jason\Desktop\Aard-GTS\SDL2.0Prac\Debug\link.read.1.tlog
C:\Users\Jason\Desktop\Aard-GTS\SDL2.0Prac\Debug\link.write.1.tlog
C:\USERS\JASON\DESKTOP\AARD-GTS\SDL2.0PRAC\DEBUG\OBJ.OBJ
C:\USERS\JASON\DESKTOP\AARD-GTS\SDL2.0PRAC\DEBUG\PARTICLE.OBJ
C:\USERS\JASON\DESKTOP\AARD-GTS\SDL2.0PRAC\DEBUG\PLAYER.OBJ
C:\USERS\JASON\DESKTOP\AARD-GTS\SDL2.0PRAC\DEBUG\SAVE.OBJ
C:\USERS\JASON\DESKTOP\AARD-GTS\SDL2.0PRAC\DEBUG\SCRIPT.OBJ
C:\Users\Jason\Desktop\Aard-GTS\SDL2.0Prac\Debug\SDL2.0Prac.vcxprojResolveAssemblyReference.cache
C:\USERS\JASON\DESKTOP\AARD-GTS\SDL2.0PRAC\DEBUG\SOUNDS.OBJ
C:\USERS\JASON\DESKTOP\AARD-GTS\SDL2.0PRAC\DEBUG\SPAWN.OBJ
C:\USERS\JASON\DESKTOP\AARD-GTS\SDL2.0PRAC\DEBUG\SPIRIT.OBJ
C:\USERS\JASON\DESKTOP\AARD-GTS\SDL2.0PRAC\DEBUG\SPRITE.OBJ
C:\Users\Jason\Desktop\Aard-GTS\SDL2.0Prac\Debug\vc100.idb
C:\USERS\JASON\DESKTOP\AARD-GTS\SDL2.0PRAC\DEBUG\VC100.PDB
C:\USERS\JASON\DESKTOP\AARD-GTS\SDL2.0PRAC\DEBUG\VECTORS.OBJ
